<?xml version="1.0" encoding="UTF-8"?>
<!-- Generated by org.testng.reporters.JUnitXMLReporter -->
<testsuite ignored="0" hostname="Mahesha-SR-PC" failures="0" tests="5" name="Test" time="67.271" errors="0" timestamp="2022-06-15T11:46:29 IST">
  <testcase classname="tests.FourTest" name="fourtest" time="16.069"/>
  <testcase classname="tests.TwoTest" name="twotest" time="9.322"/>
  <testcase classname="tests.ThreeTest" name="threetest" time="9.793"/>
  <testcase classname="tests.LoginTest" name="login" time="2.327"/>
  <testcase classname="tests.LoginTest" name="login" time="12.185"/>
</testsuite> <!-- Test -->
