<?xml version="1.0" encoding="UTF-8"?>
<!-- Generated by org.testng.reporters.JUnitXMLReporter -->
<testsuite hostname="Mahesha-SR-PC" ignored="0" name="Test" tests="5" failures="0" timestamp="2022-06-14T17:34:24 IST" time="34.522" errors="0">
  <testcase name="fourtest" time="0.01" classname="tests.FourTest"/>
  <testcase name="twotest" time="0.001" classname="tests.TwoTest"/>
  <testcase name="threetest" time="0.001" classname="tests.ThreeTest"/>
  <testcase name="login" time="3.024" classname="tests.LoginTest"/>
  <testcase name="login" time="12.328" classname="tests.LoginTest"/>
</testsuite> <!-- Test -->
