<?xml version="1.0" encoding="UTF-8"?>
<testng-results skipped="0" failed="0" ignored="0" total="1" passed="1">
  <reporter-output>
  </reporter-output>
  <suite name="Suite" duration-ms="17666" started-at="2022-06-16T13:16:00 IST" finished-at="2022-06-16T13:16:18 IST">
    <groups>
      <group name="cucumber">
        <method signature="AbstractTestNGCucumberTests.runScenario(io.cucumber.testng.PickleWrapper, io.cucumber.testng.FeatureWrapper)[pri:0, instance:runner.Runner@5d76b067]" name="runScenario" class="io.cucumber.testng.AbstractTestNGCucumberTests"/>
      </group> <!-- cucumber -->
    </groups>
    <test name="LoginTest" duration-ms="17666" started-at="2022-06-16T13:16:00 IST" finished-at="2022-06-16T13:16:18 IST">
      <class name="runner.Runner">
        <test-method status="PASS" signature="setUpClass(org.testng.ITestContext)[pri:0, instance:runner.Runner@5d76b067]" name="setUpClass" is-config="true" duration-ms="468" started-at="2022-06-16T13:16:00 IST" finished-at="2022-06-16T13:16:01 IST">
          <params>
            <param index="0">
              <value>
                <![CDATA[org.testng.TestRunner@6c67e137]]>
              </value>
            </param>
          </params>
          <reporter-output>
          </reporter-output>
        </test-method> <!-- setUpClass -->
        <test-method status="PASS" signature="runScenario(io.cucumber.testng.PickleWrapper, io.cucumber.testng.FeatureWrapper)[pri:0, instance:runner.Runner@5d76b067]" name="runScenario" duration-ms="17113" started-at="2022-06-16T13:16:01 IST" description="Runs Cucumber Scenarios" data-provider="scenarios" finished-at="2022-06-16T13:16:18 IST">
          <params>
            <param index="0">
              <value>
                <![CDATA["Login with valid credentials"]]>
              </value>
            </param>
            <param index="1">
              <value>
                <![CDATA["Application Login"]]>
              </value>
            </param>
          </params>
          <reporter-output>
          </reporter-output>
        </test-method> <!-- runScenario -->
        <test-method status="PASS" signature="tearDownClass()[pri:0, instance:runner.Runner@5d76b067]" name="tearDownClass" is-config="true" duration-ms="27" started-at="2022-06-16T13:16:18 IST" finished-at="2022-06-16T13:16:18 IST">
          <reporter-output>
          </reporter-output>
        </test-method> <!-- tearDownClass -->
      </class> <!-- runner.Runner -->
    </test> <!-- LoginTest -->
  </suite> <!-- Suite -->
</testng-results>
