<?xml version="1.0" encoding="UTF-8"?>
<testng-results ignored="0" total="1" passed="1" failed="0" skipped="0">
  <reporter-output>
  </reporter-output>
  <suite started-at="2022-06-16T07:38:27Z" name="Suite" finished-at="2022-06-16T07:38:45Z" duration-ms="17417">
    <groups>
      <group name="cucumber">
        <method signature="AbstractTestNGCucumberTests.runScenario(io.cucumber.testng.PickleWrapper, io.cucumber.testng.FeatureWrapper)[pri:0, instance:runner.Runner@3403e2ac]" name="runScenario" class="io.cucumber.testng.AbstractTestNGCucumberTests"/>
      </group> <!-- cucumber -->
    </groups>
    <test started-at="2022-06-16T07:38:27Z" name="LoginTest" finished-at="2022-06-16T07:38:45Z" duration-ms="17417">
      <class name="runner.Runner">
        <test-method is-config="true" signature="setUpClass(org.testng.ITestContext)[pri:0, instance:runner.Runner@3403e2ac]" started-at="2022-06-16T07:38:27Z" name="setUpClass" finished-at="2022-06-16T07:38:28Z" duration-ms="619" status="PASS">
          <params>
            <param index="0">
              <value>
                <![CDATA[org.testng.TestRunner@158f4cfe]]>
              </value>
            </param>
          </params>
          <reporter-output>
          </reporter-output>
        </test-method> <!-- setUpClass -->
        <test-method signature="runScenario(io.cucumber.testng.PickleWrapper, io.cucumber.testng.FeatureWrapper)[pri:0, instance:runner.Runner@3403e2ac]" started-at="2022-06-16T07:38:28Z" name="runScenario" description="Runs Cucumber Scenarios" data-provider="scenarios" finished-at="2022-06-16T07:38:45Z" duration-ms="16741" status="PASS">
          <params>
            <param index="0">
              <value>
                <![CDATA["Login with valid credentials"]]>
              </value>
            </param>
            <param index="1">
              <value>
                <![CDATA["Application Login"]]>
              </value>
            </param>
          </params>
          <reporter-output>
          </reporter-output>
        </test-method> <!-- runScenario -->
        <test-method is-config="true" signature="tearDownClass()[pri:0, instance:runner.Runner@3403e2ac]" started-at="2022-06-16T07:38:45Z" name="tearDownClass" finished-at="2022-06-16T07:38:45Z" duration-ms="23" status="PASS">
          <reporter-output>
          </reporter-output>
        </test-method> <!-- tearDownClass -->
      </class> <!-- runner.Runner -->
    </test> <!-- LoginTest -->
  </suite> <!-- Suite -->
</testng-results>
